[2017-08-16 21:20:03,155] log.py->message():133 -- MESSAGE -- Initialized logging
[2017-08-16 21:20:03,165] log.py->debug():112 -- DEBUG -- VERSION: 1.2.0 (r2158 49f157f3ca19) [hg parents command]
[2017-08-16 21:20:03,165] log.py->debug():112 -- DEBUG -- HG REVISION: r2158 (49f157f3ca19) [hg parents command]
[2017-08-16 21:20:03,165] log.py->debug():112 -- DEBUG -- HG BRANCH: default
[2017-08-16 21:20:03,166] log.py->debug():112 -- DEBUG -- SHORT VERSION: v1.2.0
[2017-08-16 21:20:03,166] log.py->debug():112 -- DEBUG -- BASEMESH VERSION: hm08
[2017-08-16 21:20:03,166] log.py->debug():112 -- DEBUG -- IS BUILT (FROZEN): No
[2017-08-16 21:20:03,166] log.py->debug():112 -- DEBUG -- IS RELEASE VERSION: No
[2017-08-16 21:20:03,166] log.py->debug():112 -- DEBUG -- DEFAULT ENCODING: utf-8
[2017-08-16 21:20:03,166] log.py->debug():112 -- DEBUG -- FILESYSTEM ENCODING: UTF-8
[2017-08-16 21:20:03,167] log.py->debug():112 -- DEBUG -- STDOUT ENCODING: UTF-8
[2017-08-16 21:20:03,167] log.py->debug():112 -- DEBUG -- WORKING DIRECTORY: /home/absentia/makehuman/makehuman
[2017-08-16 21:20:03,167] log.py->debug():112 -- DEBUG -- HOME LOCATION: /home/absentia
[2017-08-16 21:20:03,167] log.py->debug():112 -- DEBUG -- PYTHON PATH: ./:./lib:./apps:./shared:./apps/gui:./core:/home/absentia/makehuman/makehuman:/usr/lib/python2.7:/usr/lib/python2.7/plat-x86_64-linux-gnu:/usr/lib/python2.7/lib-tk:/usr/lib/python2.7/lib-old:/usr/lib/python2.7/lib-dynload:/home/absentia/.local/lib/python2.7/site-packages:/home/absentia/.local/lib/python2.7/site-packages/video2gif_code-0.1-py2.7.egg:/home/absentia/.local/lib/python2.7/site-packages/tqdm-4.11.2-py2.7.egg:/home/absentia/.local/lib/python2.7/site-packages/moviepy-0.2.3.2-py2.7.egg:/home/absentia/.local/lib/python2.7/site-packages/imageio-2.1.2-py2.7.egg:/home/absentia/.local/lib/python2.7/site-packages/olefile-0.44-py2.7.egg:/usr/local/lib/python2.7/dist-packages:/usr/lib/python2.7/dist-packages:/usr/lib/python2.7/dist-packages/PILcompat:/usr/lib/python2.7/dist-packages/gtk-2.0:/usr/lib/python2.7/dist-packages/ubuntu-sso-client
[2017-08-16 21:20:03,168] log.py->debug():112 -- DEBUG -- DLL PATH: /home/absentia/anaconda3/bin:/usr/local/sbin:/usr/local/bin:/usr/sbin:/usr/bin:/sbin:/bin:/usr/games:/usr/local/games:/snap/bin
[2017-08-16 21:20:03,168] log.py->debug():112 -- DEBUG -- SYS.VERSION: 2.7.12 (default, Nov 19 2016, 06:48:10)  [GCC 5.4.0 20160609]
[2017-08-16 21:20:03,168] log.py->debug():112 -- DEBUG -- SYS.PLATFORM: linux2
[2017-08-16 21:20:03,168] log.py->debug():112 -- DEBUG -- SYS.EXECUTABLE: /usr/bin/python2
[2017-08-16 21:20:03,171] log.py->debug():112 -- DEBUG -- PLATFORM.MACHINE: x86_64
[2017-08-16 21:20:03,172] log.py->debug():112 -- DEBUG -- PLATFORM.PROCESSOR: x86_64
[2017-08-16 21:20:03,172] log.py->debug():112 -- DEBUG -- PLATFORM.UNAME.RELEASE: 4.4.0-83-generic
[2017-08-16 21:20:03,172] log.py->debug():112 -- DEBUG -- PLATFORM.LINUX_DISTRIBUTION: Ubuntu 16.04 xenial
[2017-08-16 21:20:03,221] log.py->debug():112 -- DEBUG -- NUMPY.VERSION: 1.11.0
[2017-08-16 21:20:03,285] acceleratesupport.py-><module>():17 -- MESSAGE -- No OpenGL_accelerate module loaded: No module named OpenGL_accelerate
[2017-08-16 21:20:03,292] formathandler.py->loadPlugin():46 -- MESSAGE -- Unable to load registered array format handler numeric
[2017-08-16 21:20:03,292] formathandler.py->loadPlugin():46 -- MESSAGE -- Unable to load registered array format handler vbo
[2017-08-16 21:20:03,293] formathandler.py->loadPlugin():46 -- MESSAGE -- Unable to load registered array format handler vbooffset
[2017-08-16 21:20:03,543] log.py->debug():112 -- DEBUG -- PYQT.VERSION: 4.8.7
[2017-08-16 21:20:03,546] log.py->debug():112 -- DEBUG -- PYQT.JPG_SUPPORT: supported
[2017-08-16 21:20:03,546] log.py->debug():112 -- DEBUG -- PYQT.SVG_SUPPORT: supported
[2017-08-16 21:20:03,546] log.py->debug():112 -- DEBUG -- QT.PLUGIN_PATH: /usr/lib/x86_64-linux-gnu/qt4/plugins:/usr/bin
[2017-08-16 21:20:03,547] log.py->debug():112 -- DEBUG -- QT.PLUGIN_PATH_ENV: 
[2017-08-16 21:20:03,547] log.py->debug():112 -- DEBUG -- QT.CONF: NOT PRESENT
[2017-08-16 21:20:03,587] log.py->debug():112 -- DEBUG -- PYOPENGL.VERSION: 3.0.2
[2017-08-16 21:20:03,587] log.py->debug():112 -- DEBUG -- GL.VENDOR: Intel Open Source Technology Center
[2017-08-16 21:20:03,588] log.py->debug():112 -- DEBUG -- GL.RENDERER: Mesa DRI Intel(R) Ivybridge Mobile 
[2017-08-16 21:20:03,588] log.py->debug():112 -- DEBUG -- GL.VERSION: 3.0 Mesa 12.0.6
[2017-08-16 21:20:03,588] extensions.py->getGLVersion():92 -- DEBUG -- OpenGL Version: 3.0 Mesa 12.0.6
[2017-08-16 21:20:03,589] log.py->debug():112 -- DEBUG -- GLSL.VERSION: 1.30
[2017-08-16 21:20:03,589] extensions.py->hasGLExtension():148 -- DEBUG -- GL Extension GL_ARB_multisample available
[2017-08-16 21:20:03,591] log.py->debug():112 -- DEBUG -- GL.EXTENSION: GL_ARB_multisample enabled (4x samples)
[2017-08-16 21:20:03,591] log.py->debug():112 -- DEBUG -- Creating new texture for image data/textures/texture_notfound.png.
[2017-08-16 21:20:03,593] extensions.py->hasGLExtension():148 -- DEBUG -- GL Extension GL_ARB_texture_non_power_of_two available
[2017-08-16 21:20:03,594] log.py->debug():112 -- DEBUG -- GL.EXTENSION: GL_ARB_texture_non_power_of_two enabled
[2017-08-16 21:20:03,594] log.py->debug():112 -- DEBUG -- initTexture: 256, 256, False
[2017-08-16 21:20:03,605] log.py->debug():112 -- DEBUG -- Setting language to english
[2017-08-16 21:20:03,606] log.py->debug():112 -- DEBUG -- Setting language to english
[2017-08-16 21:20:03,607] log.py->message():133 -- MESSAGE -- Initializing default theme first.
[2017-08-16 21:20:03,607] log.py->message():133 -- MESSAGE -- Theme default version 1.1.0
[2017-08-16 21:20:03,607] log.py->debug():112 -- DEBUG -- Loaded theme data/themes/default.mht
[2017-08-16 21:20:03,608] log.py->debug():112 -- DEBUG -- Using Qt system style gtk+
[2017-08-16 21:20:03,654] log.py->message():133 -- MESSAGE -- Loading human
[2017-08-16 21:20:03,658] log.py->debug():112 -- DEBUG -- Loading binary mesh data/3dobjs/base.npz.
[2017-08-16 21:20:03,736] log.py->debug():112 -- DEBUG -- Loading material from file data/skins/default.mhmat
[2017-08-16 21:20:03,745] log.py->debug():112 -- DEBUG -- Shader: adding built-in uniform gl_NormalMatrix
[2017-08-16 21:20:03,745] log.py->debug():112 -- DEBUG -- Shader: adding built-in uniform gl_ModelViewProjectionMatrix
[2017-08-16 21:20:03,746] log.py->debug():112 -- DEBUG -- VectorUniform(AdditiveShading) = [ 0.]
[2017-08-16 21:20:03,747] log.py->debug():112 -- DEBUG -- VectorUniform(AdditiveShading) = [ 0.]
[2017-08-16 21:20:03,917] log.py->message():133 -- MESSAGE -- Loaded vertex weights MakeHuman weights from file /home/absentia/makehuman/makehuman/data/rigs/default_weights.mhw
[2017-08-16 21:20:04,311] log.py->message():133 -- MESSAGE -- Loading scene
[2017-08-16 21:20:04,313] log.py->debug():112 -- DEBUG -- Loading scene file: data/scenes/default.mhscene
[2017-08-16 21:20:04,314] log.py->message():133 -- MESSAGE -- Loading main GUI
[2017-08-16 21:20:04,319] log.py->debug():112 -- DEBUG -- Assigning setting loaddir value /home/absentia/makehuman/v1/models that was loaded before the setting was declared.
[2017-08-16 21:20:04,323] log.py->debug():112 -- DEBUG -- Assigning setting savedir value /home/absentia/makehuman/v1/models that was loaded before the setting was declared.
[2017-08-16 21:20:04,325] log.py->debug():112 -- DEBUG -- Assigning setting exportdir value /home/absentia/Desktop/Character/Stomach that was loaded before the setting was declared.
[2017-08-16 21:20:04,340] log.py->message():133 -- MESSAGE -- Loading plugins
[2017-08-16 21:20:04,348] log.py->message():133 -- MESSAGE -- Importing plugin 0_modeling_0_modifiers
[2017-08-16 21:20:04,350] log.py->message():133 -- MESSAGE -- Imported plugin 0_modeling_0_modifiers
[2017-08-16 21:20:04,350] log.py->message():133 -- MESSAGE -- Loading plugin 0_modeling_0_modifiers
[2017-08-16 21:20:04,350] log.py->debug():112 -- DEBUG -- Loading modifiers from data/modifiers/modeling_modifiers.json
[2017-08-16 21:20:04,355] log.py->debug():112 -- DEBUG -- Attempting to load targets from NPZ file.
[2017-08-16 21:20:04,795] log.py->debug():112 -- DEBUG -- 1258 targets loaded from NPZ file succesfully.
[2017-08-16 21:20:06,351] log.py->message():133 -- MESSAGE -- Loaded 249 modifiers from file data/modifiers/modeling_modifiers.json
[2017-08-16 21:20:06,353] log.py->message():133 -- MESSAGE -- Loaded 249 modifier descriptions from file data/modifiers/modeling_modifiers_desc.json
[2017-08-16 21:20:06,892] log.py->message():133 -- MESSAGE -- Loaded plugin 0_modeling_0_modifiers
[2017-08-16 21:20:06,939] log.py->message():133 -- MESSAGE -- Importing plugin 0_modeling_8_random
[2017-08-16 21:20:06,939] log.py->message():133 -- MESSAGE -- Imported plugin 0_modeling_8_random
[2017-08-16 21:20:06,939] log.py->message():133 -- MESSAGE -- Loading plugin 0_modeling_8_random
[2017-08-16 21:20:06,943] log.py->message():133 -- MESSAGE -- Loaded plugin 0_modeling_8_random
[2017-08-16 21:20:06,945] log.py->message():133 -- MESSAGE -- Importing plugin 0_modeling_9_custom_targets
[2017-08-16 21:20:06,946] log.py->message():133 -- MESSAGE -- Imported plugin 0_modeling_9_custom_targets
[2017-08-16 21:20:06,946] log.py->message():133 -- MESSAGE -- Loading plugin 0_modeling_9_custom_targets
[2017-08-16 21:20:06,949] log.py->message():133 -- MESSAGE -- Loaded plugin 0_modeling_9_custom_targets
[2017-08-16 21:20:06,951] log.py->message():133 -- MESSAGE -- Importing plugin 0_modeling_a_measurement
[2017-08-16 21:20:06,953] log.py->message():133 -- MESSAGE -- Imported plugin 0_modeling_a_measurement
[2017-08-16 21:20:06,953] log.py->message():133 -- MESSAGE -- Loading plugin 0_modeling_a_measurement
[2017-08-16 21:20:06,953] log.py->debug():112 -- DEBUG -- Loading modifiers from data/modifiers/measurement_modifiers.json
[2017-08-16 21:20:06,956] log.py->message():133 -- MESSAGE -- Loaded 20 modifiers from file data/modifiers/measurement_modifiers.json
[2017-08-16 21:20:06,957] log.py->message():133 -- MESSAGE -- Loaded 20 modifier descriptions from file data/modifiers/measurement_modifiers_desc.json
[2017-08-16 21:20:07,020] log.py->message():133 -- MESSAGE -- Loaded plugin 0_modeling_a_measurement
[2017-08-16 21:20:07,032] log.py->message():133 -- MESSAGE -- Importing plugin 0_modeling_background
[2017-08-16 21:20:07,034] log.py->message():133 -- MESSAGE -- Imported plugin 0_modeling_background
[2017-08-16 21:20:07,034] log.py->message():133 -- MESSAGE -- Loading plugin 0_modeling_background
[2017-08-16 21:20:07,061] log.py->message():133 -- MESSAGE -- Loaded plugin 0_modeling_background
[2017-08-16 21:20:07,066] log.py->message():133 -- MESSAGE -- Importing plugin 2_foot_posing
[2017-08-16 21:20:07,067] log.py->message():133 -- MESSAGE -- Imported plugin 2_foot_posing
[2017-08-16 21:20:07,067] log.py->message():133 -- MESSAGE -- Loading plugin 2_foot_posing
[2017-08-16 21:20:07,068] log.py->message():133 -- MESSAGE -- Loaded plugin 2_foot_posing
[2017-08-16 21:20:07,068] log.py->message():133 -- MESSAGE -- Importing plugin 2_posing_expression
[2017-08-16 21:20:07,069] log.py->message():133 -- MESSAGE -- Imported plugin 2_posing_expression
[2017-08-16 21:20:07,069] log.py->message():133 -- MESSAGE -- Loading plugin 2_posing_expression
[2017-08-16 21:20:07,073] log.py->message():133 -- MESSAGE -- Loaded plugin 2_posing_expression
[2017-08-16 21:20:07,075] log.py->message():133 -- MESSAGE -- Importing plugin 3_libraries_animation
[2017-08-16 21:20:07,075] log.py->message():133 -- MESSAGE -- Imported plugin 3_libraries_animation
[2017-08-16 21:20:07,075] log.py->message():133 -- MESSAGE -- Loading plugin 3_libraries_animation
[2017-08-16 21:20:07,077] log.py->message():133 -- MESSAGE -- Loaded plugin 3_libraries_animation
[2017-08-16 21:20:07,079] log.py->message():133 -- MESSAGE -- Importing plugin 3_libraries_clothes_chooser
[2017-08-16 21:20:07,081] log.py->message():133 -- MESSAGE -- Imported plugin 3_libraries_clothes_chooser
[2017-08-16 21:20:07,081] log.py->message():133 -- MESSAGE -- Loading plugin 3_libraries_clothes_chooser
[2017-08-16 21:20:07,085] log.py->message():133 -- MESSAGE -- Loaded plugin 3_libraries_clothes_chooser
[2017-08-16 21:20:07,088] log.py->message():133 -- MESSAGE -- Importing plugin 3_libraries_eye_chooser
[2017-08-16 21:20:07,088] log.py->message():133 -- MESSAGE -- Imported plugin 3_libraries_eye_chooser
[2017-08-16 21:20:07,088] log.py->message():133 -- MESSAGE -- Loading plugin 3_libraries_eye_chooser
[2017-08-16 21:20:07,092] log.py->message():133 -- MESSAGE -- Selecting proxy file "data/eyes/high-poly/high-poly.mhclo" from eyes library.
[2017-08-16 21:20:07,092] log.py->debug():112 -- DEBUG -- Loading binary proxy data/eyes/high-poly/high-poly.mhpxy.
[2017-08-16 21:20:07,092] log.py->debug():112 -- DEBUG -- Loading proxy file: data/eyes/high-poly/high-poly.mhpxy.
[2017-08-16 21:20:07,103] log.py->debug():112 -- DEBUG -- Loading material from file /home/absentia/makehuman/makehuman/data/eyes/materials/brown.mhmat
[2017-08-16 21:20:07,110] log.py->debug():112 -- DEBUG -- Shader: adding built-in uniform gl_NormalMatrix
[2017-08-16 21:20:07,111] log.py->debug():112 -- DEBUG -- Shader: adding built-in uniform gl_ModelViewProjectionMatrix
[2017-08-16 21:20:07,111] log.py->debug():112 -- DEBUG -- VectorUniform(AdditiveShading) = [ 0.]
[2017-08-16 21:20:07,113] log.py->debug():112 -- DEBUG -- VectorUniform(AdditiveShading) = [ 0.]
[2017-08-16 21:20:07,114] log.py->debug():112 -- DEBUG -- Loading binary mesh /home/absentia/makehuman/makehuman/data/eyes/high-poly/high-poly.npz.
[2017-08-16 21:20:07,280] log.py->message():133 -- MESSAGE -- Loaded plugin 3_libraries_eye_chooser
[2017-08-16 21:20:07,282] log.py->message():133 -- MESSAGE -- Importing plugin 3_libraries_eyebrows
[2017-08-16 21:20:07,282] log.py->message():133 -- MESSAGE -- Imported plugin 3_libraries_eyebrows
[2017-08-16 21:20:07,282] log.py->message():133 -- MESSAGE -- Loading plugin 3_libraries_eyebrows
[2017-08-16 21:20:07,286] log.py->message():133 -- MESSAGE -- Loaded plugin 3_libraries_eyebrows
[2017-08-16 21:20:07,288] log.py->message():133 -- MESSAGE -- Importing plugin 3_libraries_eyelashes
[2017-08-16 21:20:07,288] log.py->message():133 -- MESSAGE -- Imported plugin 3_libraries_eyelashes
[2017-08-16 21:20:07,288] log.py->message():133 -- MESSAGE -- Loading plugin 3_libraries_eyelashes
[2017-08-16 21:20:07,292] log.py->message():133 -- MESSAGE -- Loaded plugin 3_libraries_eyelashes
[2017-08-16 21:20:07,294] log.py->message():133 -- MESSAGE -- Importing plugin 3_libraries_material_chooser
[2017-08-16 21:20:07,294] log.py->message():133 -- MESSAGE -- Imported plugin 3_libraries_material_chooser
[2017-08-16 21:20:07,294] log.py->message():133 -- MESSAGE -- Loading plugin 3_libraries_material_chooser
[2017-08-16 21:20:07,300] log.py->message():133 -- MESSAGE -- Loaded plugin 3_libraries_material_chooser
[2017-08-16 21:20:07,302] log.py->message():133 -- MESSAGE -- Importing plugin 3_libraries_polygon_hair_chooser
[2017-08-16 21:20:07,303] log.py->message():133 -- MESSAGE -- Imported plugin 3_libraries_polygon_hair_chooser
[2017-08-16 21:20:07,303] log.py->message():133 -- MESSAGE -- Loading plugin 3_libraries_polygon_hair_chooser
[2017-08-16 21:20:07,306] log.py->message():133 -- MESSAGE -- Loaded plugin 3_libraries_polygon_hair_chooser
[2017-08-16 21:20:07,308] log.py->message():133 -- MESSAGE -- Importing plugin 3_libraries_pose
[2017-08-16 21:20:07,309] log.py->message():133 -- MESSAGE -- Imported plugin 3_libraries_pose
[2017-08-16 21:20:07,309] log.py->message():133 -- MESSAGE -- Loading plugin 3_libraries_pose
[2017-08-16 21:20:07,313] log.py->message():133 -- MESSAGE -- Loaded plugin 3_libraries_pose
[2017-08-16 21:20:07,315] log.py->message():133 -- MESSAGE -- Importing plugin 3_libraries_proxy_chooser
[2017-08-16 21:20:07,315] log.py->message():133 -- MESSAGE -- Imported plugin 3_libraries_proxy_chooser
[2017-08-16 21:20:07,316] log.py->message():133 -- MESSAGE -- Loading plugin 3_libraries_proxy_chooser
[2017-08-16 21:20:07,319] log.py->message():133 -- MESSAGE -- Loaded plugin 3_libraries_proxy_chooser
[2017-08-16 21:20:07,321] log.py->message():133 -- MESSAGE -- Importing plugin 3_libraries_skeleton
[2017-08-16 21:20:07,322] log.py->message():133 -- MESSAGE -- Imported plugin 3_libraries_skeleton
[2017-08-16 21:20:07,322] log.py->message():133 -- MESSAGE -- Loading plugin 3_libraries_skeleton
[2017-08-16 21:20:07,328] log.py->message():133 -- MESSAGE -- Loaded plugin 3_libraries_skeleton
[2017-08-16 21:20:07,332] log.py->message():133 -- MESSAGE -- Importing plugin 3_libraries_teeth
[2017-08-16 21:20:07,332] log.py->message():133 -- MESSAGE -- Imported plugin 3_libraries_teeth
[2017-08-16 21:20:07,332] log.py->message():133 -- MESSAGE -- Loading plugin 3_libraries_teeth
[2017-08-16 21:20:07,335] log.py->message():133 -- MESSAGE -- Loaded plugin 3_libraries_teeth
[2017-08-16 21:20:07,337] log.py->message():133 -- MESSAGE -- Importing plugin 3_libraries_tongue
[2017-08-16 21:20:07,337] log.py->message():133 -- MESSAGE -- Imported plugin 3_libraries_tongue
[2017-08-16 21:20:07,338] log.py->message():133 -- MESSAGE -- Loading plugin 3_libraries_tongue
[2017-08-16 21:20:07,342] log.py->message():133 -- MESSAGE -- Loaded plugin 3_libraries_tongue
[2017-08-16 21:20:07,344] log.py->message():133 -- MESSAGE -- Importing plugin 4_rendering_9_viewer
[2017-08-16 21:20:07,344] log.py->message():133 -- MESSAGE -- Imported plugin 4_rendering_9_viewer
[2017-08-16 21:20:07,345] log.py->message():133 -- MESSAGE -- Loading plugin 4_rendering_9_viewer
[2017-08-16 21:20:07,347] log.py->message():133 -- MESSAGE -- Loaded plugin 4_rendering_9_viewer
[2017-08-16 21:20:07,349] log.py->message():133 -- MESSAGE -- Importing plugin 4_rendering_opengl
[2017-08-16 21:20:07,350] log.py->message():133 -- MESSAGE -- Imported plugin 4_rendering_opengl
[2017-08-16 21:20:07,350] log.py->message():133 -- MESSAGE -- Loading plugin 4_rendering_opengl
[2017-08-16 21:20:07,351] log.py->debug():112 -- DEBUG -- Assigning setting rendering_width value 900 that was loaded before the setting was declared.
[2017-08-16 21:20:07,351] log.py->debug():112 -- DEBUG -- Assigning setting rendering_height value 1500 that was loaded before the setting was declared.
[2017-08-16 21:20:07,352] log.py->debug():112 -- DEBUG -- Assigning setting GL_RENDERER_SSS value False that was loaded before the setting was declared.
[2017-08-16 21:20:07,352] log.py->debug():112 -- DEBUG -- Assigning setting GL_RENDERER_AA value True that was loaded before the setting was declared.
[2017-08-16 21:20:07,355] extensions.py->hasGLExtension():148 -- DEBUG -- GL Extension GL_ARB_framebuffer_object available
[2017-08-16 21:20:07,356] extensions.py->finalise():182 -- DEBUG -- Chose alternate: glGenRenderbuffers from glGenRenderbuffers, glGenRenderbuffersEXT
[2017-08-16 21:20:07,356] extensions.py->finalise():182 -- DEBUG -- Chose alternate: glBindRenderbuffer from glBindRenderbuffer, glBindRenderbufferEXT
[2017-08-16 21:20:07,356] extensions.py->finalise():182 -- DEBUG -- Chose alternate: glRenderbufferStorage from glRenderbufferStorage, glRenderbufferStorageEXT
[2017-08-16 21:20:07,356] extensions.py->finalise():182 -- DEBUG -- Chose alternate: glGenFramebuffers from glGenFramebuffers, glGenFramebuffersEXT
[2017-08-16 21:20:07,357] extensions.py->finalise():182 -- DEBUG -- Chose alternate: glBindFramebuffer from glBindFramebuffer, glBindFramebufferEXT
[2017-08-16 21:20:07,357] extensions.py->finalise():182 -- DEBUG -- Chose alternate: glFramebufferRenderbuffer from glFramebufferRenderbuffer, glFramebufferRenderbufferEXT
[2017-08-16 21:20:07,357] log.py->message():133 -- MESSAGE -- Loaded plugin 4_rendering_opengl
[2017-08-16 21:20:07,359] log.py->message():133 -- MESSAGE -- Importing plugin 4_rendering_scene
[2017-08-16 21:20:07,360] log.py->message():133 -- MESSAGE -- Imported plugin 4_rendering_scene
[2017-08-16 21:20:07,360] log.py->message():133 -- MESSAGE -- Loading plugin 4_rendering_scene
[2017-08-16 21:20:07,361] mhmain.py->addSetting():327 -- NOTICE -- Setting rendering_width is already declared. Adding it again has no effect.
[2017-08-16 21:20:07,361] mhmain.py->addSetting():327 -- NOTICE -- Setting rendering_height is already declared. Adding it again has no effect.
[2017-08-16 21:20:07,363] log.py->message():133 -- MESSAGE -- Loaded plugin 4_rendering_scene
[2017-08-16 21:20:07,365] log.py->message():133 -- MESSAGE -- Importing plugin 5_settings_0_settings
[2017-08-16 21:20:07,365] log.py->message():133 -- MESSAGE -- Imported plugin 5_settings_0_settings
[2017-08-16 21:20:07,365] log.py->message():133 -- MESSAGE -- Loading plugin 5_settings_0_settings
[2017-08-16 21:20:07,438] log.py->debug():112 -- DEBUG -- Setting language to english
[2017-08-16 21:20:07,439] log.py->message():133 -- MESSAGE -- Theme makehuman version 1.1.0
[2017-08-16 21:20:07,441] log.py->debug():112 -- DEBUG -- Loaded theme data/themes/makehuman.mht
[2017-08-16 21:20:08,439] log.py->debug():112 -- DEBUG -- Loaded Qt style data/themes/makehuman.qss
[2017-08-16 21:20:08,469] log.py->message():133 -- MESSAGE -- Loaded plugin 5_settings_0_settings
[2017-08-16 21:20:08,487] log.py->message():133 -- MESSAGE -- Importing plugin 5_settings_mouse
[2017-08-16 21:20:08,488] log.py->message():133 -- MESSAGE -- Imported plugin 5_settings_mouse
[2017-08-16 21:20:08,488] log.py->message():133 -- MESSAGE -- Loading plugin 5_settings_mouse
[2017-08-16 21:20:08,495] log.py->message():133 -- MESSAGE -- Loaded plugin 5_settings_mouse
[2017-08-16 21:20:08,498] log.py->message():133 -- MESSAGE -- Importing plugin 5_settings_shortcuts
[2017-08-16 21:20:08,498] log.py->message():133 -- MESSAGE -- Imported plugin 5_settings_shortcuts
[2017-08-16 21:20:08,498] log.py->message():133 -- MESSAGE -- Loading plugin 5_settings_shortcuts
[2017-08-16 21:20:08,546] log.py->message():133 -- MESSAGE -- Loaded plugin 5_settings_shortcuts
[2017-08-16 21:20:08,551] log.py->message():133 -- MESSAGE -- Importing plugin 6_help
[2017-08-16 21:20:08,554] log.py->message():133 -- MESSAGE -- Imported plugin 6_help
[2017-08-16 21:20:08,554] log.py->message():133 -- MESSAGE -- Loading plugin 6_help
[2017-08-16 21:20:08,566] log.py->message():133 -- MESSAGE -- Loaded plugin 6_help
[2017-08-16 21:20:08,569] log.py->message():133 -- MESSAGE -- Importing plugin 7_data
[2017-08-16 21:20:08,570] log.py->message():133 -- MESSAGE -- Imported plugin 7_data
[2017-08-16 21:20:08,570] log.py->message():133 -- MESSAGE -- Loading plugin 7_data
[2017-08-16 21:20:08,585] log.py->message():133 -- MESSAGE -- Loaded plugin 7_data
[2017-08-16 21:20:08,588] log.py->message():133 -- MESSAGE -- Importing plugin 7_example
[2017-08-16 21:20:08,589] log.py->message():133 -- MESSAGE -- Imported plugin 7_example
[2017-08-16 21:20:08,589] log.py->message():133 -- MESSAGE -- Loading plugin 7_example
[2017-08-16 21:20:08,602] log.py->message():133 -- MESSAGE -- Loaded plugin 7_example
[2017-08-16 21:20:08,604] log.py->message():133 -- MESSAGE -- Importing plugin 7_expression_mixer
[2017-08-16 21:20:08,605] log.py->message():133 -- MESSAGE -- Imported plugin 7_expression_mixer
[2017-08-16 21:20:08,605] log.py->message():133 -- MESSAGE -- Loading plugin 7_expression_mixer
[2017-08-16 21:20:08,619] log.py->message():133 -- MESSAGE -- Loaded plugin 7_expression_mixer
[2017-08-16 21:20:08,622] log.py->message():133 -- MESSAGE -- Importing plugin 7_logging
[2017-08-16 21:20:08,623] log.py->message():133 -- MESSAGE -- Imported plugin 7_logging
[2017-08-16 21:20:08,623] log.py->message():133 -- MESSAGE -- Loading plugin 7_logging
[2017-08-16 21:20:08,725] log.py->message():133 -- MESSAGE -- Loaded plugin 7_logging
[2017-08-16 21:20:08,728] log.py->message():133 -- MESSAGE -- Importing plugin 7_material_editor
[2017-08-16 21:20:08,729] log.py->message():133 -- MESSAGE -- Imported plugin 7_material_editor
[2017-08-16 21:20:08,730] log.py->message():133 -- MESSAGE -- Loading plugin 7_material_editor
[2017-08-16 21:20:08,745] log.py->message():133 -- MESSAGE -- Loaded plugin 7_material_editor
[2017-08-16 21:20:08,749] log.py->message():133 -- MESSAGE -- Importing plugin 7_profile
[2017-08-16 21:20:08,750] log.py->message():133 -- MESSAGE -- Imported plugin 7_profile
[2017-08-16 21:20:08,750] log.py->message():133 -- MESSAGE -- Loading plugin 7_profile
[2017-08-16 21:20:08,763] log.py->message():133 -- MESSAGE -- Loaded plugin 7_profile
[2017-08-16 21:20:08,768] log.py->message():133 -- MESSAGE -- Importing plugin 7_scene_editor
[2017-08-16 21:20:08,769] log.py->message():133 -- MESSAGE -- Imported plugin 7_scene_editor
[2017-08-16 21:20:08,769] log.py->message():133 -- MESSAGE -- Loading plugin 7_scene_editor
[2017-08-16 21:20:08,771] mhmain.py->addSetting():327 -- NOTICE -- Setting rendering_width is already declared. Adding it again has no effect.
[2017-08-16 21:20:08,771] mhmain.py->addSetting():327 -- NOTICE -- Setting rendering_height is already declared. Adding it again has no effect.
[2017-08-16 21:20:08,771] log.py->debug():112 -- DEBUG -- Assigning setting Scene_Editor_FileDlgPath value /home/absentia/makehuman/v1/data/scenes that was loaded before the setting was declared.
[2017-08-16 21:20:08,779] log.py->message():133 -- MESSAGE -- Loaded plugin 7_scene_editor
[2017-08-16 21:20:08,782] log.py->message():133 -- MESSAGE -- Importing plugin 7_scripting
[2017-08-16 21:20:08,782] log.py->message():133 -- MESSAGE -- Imported plugin 7_scripting
[2017-08-16 21:20:08,783] log.py->message():133 -- MESSAGE -- Loading plugin 7_scripting
[2017-08-16 21:20:08,797] log.py->message():133 -- MESSAGE -- Loaded plugin 7_scripting
[2017-08-16 21:20:08,803] log.py->message():133 -- MESSAGE -- Importing plugin 7_shell
[2017-08-16 21:20:08,804] log.py->warning():119 -- WARNING -- Could not load 7_shell
Traceback (most recent call last):
  File "./core/mhmain.py", line 531, in loadPlugin
    module = imp.load_module(name, fp, pathname, description)
  File "plugins/7_shell.py", line 48, in <module>
    import ipythonconsole
  File "./lib/ipythonconsole.py", line 44, in <module>
    from pygments.formatters import HtmlFormatter
ImportError: No module named pygments.formatters
[2017-08-16 21:20:08,805] log.py->message():133 -- MESSAGE -- Importing plugin 7_targets
[2017-08-16 21:20:08,805] log.py->message():133 -- MESSAGE -- Imported plugin 7_targets
[2017-08-16 21:20:08,805] log.py->message():133 -- MESSAGE -- Loading plugin 7_targets
[2017-08-16 21:20:08,811] log.py->message():133 -- MESSAGE -- Loaded plugin 7_targets
[2017-08-16 21:20:08,815] log.py->message():133 -- MESSAGE -- Importing plugin 9_export_bvh
[2017-08-16 21:20:08,815] log.py->message():133 -- MESSAGE -- Imported plugin 9_export_bvh
[2017-08-16 21:20:08,816] log.py->message():133 -- MESSAGE -- Loading plugin 9_export_bvh
[2017-08-16 21:20:08,818] log.py->message():133 -- MESSAGE -- Loaded plugin 9_export_bvh
[2017-08-16 21:20:08,819] log.py->message():133 -- MESSAGE -- Importing plugin 9_export_collada
[2017-08-16 21:20:08,819] log.py->message():133 -- MESSAGE -- Imported plugin 9_export_collada
[2017-08-16 21:20:08,819] log.py->message():133 -- MESSAGE -- Loading plugin 9_export_collada
[2017-08-16 21:20:08,824] log.py->message():133 -- MESSAGE -- Loaded plugin 9_export_collada
[2017-08-16 21:20:08,826] log.py->message():133 -- MESSAGE -- Importing plugin 9_export_fbx
[2017-08-16 21:20:08,826] log.py->message():133 -- MESSAGE -- Imported plugin 9_export_fbx
[2017-08-16 21:20:08,826] log.py->message():133 -- MESSAGE -- Loading plugin 9_export_fbx
[2017-08-16 21:20:08,828] log.py->message():133 -- MESSAGE -- Loaded plugin 9_export_fbx
[2017-08-16 21:20:08,829] log.py->message():133 -- MESSAGE -- Importing plugin 9_export_json
[2017-08-16 21:20:08,829] log.py->message():133 -- MESSAGE -- Imported plugin 9_export_json
[2017-08-16 21:20:08,829] log.py->message():133 -- MESSAGE -- Loading plugin 9_export_json
[2017-08-16 21:20:08,830] log.py->message():133 -- MESSAGE -- Loaded plugin 9_export_json
[2017-08-16 21:20:08,831] log.py->message():133 -- MESSAGE -- Importing plugin 9_export_light
[2017-08-16 21:20:08,831] log.py->message():133 -- MESSAGE -- Imported plugin 9_export_light
[2017-08-16 21:20:08,832] log.py->message():133 -- MESSAGE -- Loading plugin 9_export_light
[2017-08-16 21:20:08,832] log.py->message():133 -- MESSAGE -- Loaded plugin 9_export_light
[2017-08-16 21:20:08,833] log.py->message():133 -- MESSAGE -- Importing plugin 9_export_obj
[2017-08-16 21:20:08,834] log.py->message():133 -- MESSAGE -- Imported plugin 9_export_obj
[2017-08-16 21:20:08,834] log.py->message():133 -- MESSAGE -- Loading plugin 9_export_obj
[2017-08-16 21:20:08,836] log.py->message():133 -- MESSAGE -- Loaded plugin 9_export_obj
[2017-08-16 21:20:08,837] log.py->message():133 -- MESSAGE -- Importing plugin 9_export_ogre
[2017-08-16 21:20:08,837] log.py->message():133 -- MESSAGE -- Imported plugin 9_export_ogre
[2017-08-16 21:20:08,837] log.py->message():133 -- MESSAGE -- Loading plugin 9_export_ogre
[2017-08-16 21:20:08,838] log.py->message():133 -- MESSAGE -- Loaded plugin 9_export_ogre
[2017-08-16 21:20:08,839] log.py->message():133 -- MESSAGE -- Importing plugin 9_export_stl
[2017-08-16 21:20:08,840] log.py->message():133 -- MESSAGE -- Imported plugin 9_export_stl
[2017-08-16 21:20:08,840] log.py->message():133 -- MESSAGE -- Loading plugin 9_export_stl
[2017-08-16 21:20:08,841] log.py->message():133 -- MESSAGE -- Loaded plugin 9_export_stl
[2017-08-16 21:20:08,842] log.py->message():133 -- MESSAGE -- Importing plugin 9_export_uvmap
[2017-08-16 21:20:08,843] log.py->message():133 -- MESSAGE -- Imported plugin 9_export_uvmap
[2017-08-16 21:20:08,843] log.py->message():133 -- MESSAGE -- Loading plugin 9_export_uvmap
[2017-08-16 21:20:08,844] log.py->message():133 -- MESSAGE -- Loaded plugin 9_export_uvmap
[2017-08-16 21:20:08,844] log.py->message():133 -- MESSAGE -- Loading GUI
[2017-08-16 21:20:08,900] log.py->debug():112 -- DEBUG -- showing category Modelling
[2017-08-16 21:20:08,901] log.py->debug():112 -- DEBUG -- showing task Macro modelling
[2017-08-16 21:20:08,947] log.py->message():133 -- MESSAGE -- Loading theme
[2017-08-16 21:20:08,947] log.py->message():133 -- MESSAGE -- Theme makehuman version 1.1.0
[2017-08-16 21:20:08,950] log.py->debug():112 -- DEBUG -- Loaded theme data/themes/makehuman.mht
[2017-08-16 21:20:10,278] log.py->debug():112 -- DEBUG -- Loaded Qt style data/themes/makehuman.qss
[2017-08-16 21:20:10,310] log.py->message():133 -- MESSAGE -- Applying targets
[2017-08-16 21:20:10,575] log.py->debug():112 -- DEBUG -- Updating skeleton joint positions
[2017-08-16 21:20:10,663] log.py->debug():112 -- DEBUG -- Done baking animations
[2017-08-16 21:20:10,738] log.py->message():133 -- MESSAGE -- Loading macro targets
[2017-08-16 21:20:10,738] log.py->message():133 -- MESSAGE -- Loading done
[2017-08-16 21:20:10,739] log.py->message():133 -- MESSAGE -- 
[2017-08-16 21:20:10,884] log.py->debug():112 -- DEBUG -- Creating new texture for dynamic image data/litspheres/adaptive_skin_tone.png.
[2017-08-16 21:20:10,885] log.py->debug():112 -- DEBUG -- initTexture: 256, 256, False
[2017-08-16 21:20:10,890] log.py->debug():112 -- DEBUG -- Creating new texture for image /home/absentia/makehuman/makehuman/data/eyes/materials/brown_eye.png.
[2017-08-16 21:20:10,936] log.py->debug():112 -- DEBUG -- initTexture: 1024, 1024, False
[2017-08-16 21:20:10,937] log.py->debug():112 -- DEBUG -- Creating new texture for image /home/absentia/makehuman/makehuman/data/litspheres/skinmat_eye.png.
[2017-08-16 21:20:10,941] log.py->debug():112 -- DEBUG -- initTexture: 256, 256, False
[2017-08-16 21:20:59,657] log.py->debug():112 -- DEBUG -- hiding task Macro modelling
[2017-08-16 21:20:59,657] log.py->debug():112 -- DEBUG -- showing task Arms and Legs
[2017-08-16 21:21:09,210] log.py->debug():112 -- DEBUG -- Updating skeleton joint positions
[2017-08-16 21:21:09,300] log.py->debug():112 -- DEBUG -- Done baking animations
[2017-08-16 21:21:09,370] log.py->message():133 -- MESSAGE -- do Change modifier
[2017-08-16 21:21:11,694] log.py->debug():112 -- DEBUG -- Updating skeleton joint positions
[2017-08-16 21:21:11,776] log.py->debug():112 -- DEBUG -- Done baking animations
[2017-08-16 21:21:11,847] log.py->message():133 -- MESSAGE -- do Change modifier
[2017-08-16 21:21:13,306] log.py->debug():112 -- DEBUG -- Updating skeleton joint positions
[2017-08-16 21:21:13,412] log.py->debug():112 -- DEBUG -- Done baking animations
[2017-08-16 21:21:13,483] log.py->message():133 -- MESSAGE -- do Change modifier
[2017-08-16 21:21:16,010] log.py->debug():112 -- DEBUG -- Updating skeleton joint positions
[2017-08-16 21:21:16,116] log.py->debug():112 -- DEBUG -- Done baking animations
[2017-08-16 21:21:16,185] log.py->message():133 -- MESSAGE -- do Change modifier
[2017-08-16 21:21:19,777] log.py->debug():112 -- DEBUG -- Updating skeleton joint positions
[2017-08-16 21:21:19,884] log.py->debug():112 -- DEBUG -- Done baking animations
[2017-08-16 21:21:19,956] log.py->message():133 -- MESSAGE -- do Change modifier
[2017-08-16 21:21:22,521] log.py->debug():112 -- DEBUG -- Updating skeleton joint positions
[2017-08-16 21:21:22,630] log.py->debug():112 -- DEBUG -- Done baking animations
[2017-08-16 21:21:22,700] log.py->message():133 -- MESSAGE -- do Change modifier
[2017-08-16 21:21:24,395] log.py->debug():112 -- DEBUG -- Updating skeleton joint positions
[2017-08-16 21:21:24,492] log.py->debug():112 -- DEBUG -- Done baking animations
[2017-08-16 21:21:24,561] log.py->message():133 -- MESSAGE -- do Change modifier
[2017-08-16 21:21:36,001] log.py->debug():112 -- DEBUG -- Updating skeleton joint positions
[2017-08-16 21:21:36,085] log.py->debug():112 -- DEBUG -- Done baking animations
[2017-08-16 21:21:36,155] log.py->message():133 -- MESSAGE -- do Change modifier
[2017-08-16 21:21:47,203] log.py->debug():112 -- DEBUG -- Updating skeleton joint positions
[2017-08-16 21:21:47,307] log.py->debug():112 -- DEBUG -- Done baking animations
[2017-08-16 21:21:47,379] log.py->message():133 -- MESSAGE -- do Change modifier
[2017-08-16 21:21:48,315] log.py->debug():112 -- DEBUG -- Updating skeleton joint positions
[2017-08-16 21:21:48,422] log.py->debug():112 -- DEBUG -- Done baking animations
[2017-08-16 21:21:48,493] log.py->message():133 -- MESSAGE -- do Change modifier
[2017-08-16 21:21:49,945] log.py->debug():112 -- DEBUG -- Updating skeleton joint positions
[2017-08-16 21:21:50,028] log.py->debug():112 -- DEBUG -- Done baking animations
[2017-08-16 21:21:50,098] log.py->message():133 -- MESSAGE -- do Change modifier
[2017-08-16 21:21:52,028] log.py->debug():112 -- DEBUG -- Updating skeleton joint positions
[2017-08-16 21:21:52,136] log.py->debug():112 -- DEBUG -- Done baking animations
[2017-08-16 21:21:52,209] log.py->message():133 -- MESSAGE -- do Change modifier
[2017-08-16 21:21:54,936] log.py->debug():112 -- DEBUG -- Updating skeleton joint positions
[2017-08-16 21:21:55,033] log.py->debug():112 -- DEBUG -- Done baking animations
[2017-08-16 21:21:55,103] log.py->message():133 -- MESSAGE -- do Change modifier
[2017-08-16 21:21:57,685] log.py->debug():112 -- DEBUG -- hiding category Modelling
[2017-08-16 21:21:57,685] log.py->debug():112 -- DEBUG -- showing category Rendering
[2017-08-16 21:21:57,686] log.py->debug():112 -- DEBUG -- hiding task Arms and Legs
[2017-08-16 21:21:57,686] log.py->debug():112 -- DEBUG -- showing task Render
[2017-08-16 21:22:00,953] log.py->message():133 -- MESSAGE -- Rendering at 900x1500
[2017-08-16 21:22:00,954] extensions.py->finalise():182 -- DEBUG -- Chose alternate: glRenderbufferStorageMultisample from glRenderbufferStorageMultisample, glRenderbufferStorageMultisampleEXT
[2017-08-16 21:22:00,960] extensions.py->finalise():182 -- DEBUG -- Chose alternate: glCheckFramebufferStatus from glCheckFramebufferStatus, glCheckFramebufferStatusEXT
[2017-08-16 21:22:00,970] extensions.py->finalise():182 -- DEBUG -- Chose alternate: glBlitFramebuffer from glBlitFramebuffer, glBlitFramebufferEXT
[2017-08-16 21:22:00,971] extensions.py->finalise():182 -- DEBUG -- Chose alternate: glDeleteFramebuffers from glDeleteFramebuffers, glDeleteFramebuffersEXT
[2017-08-16 21:22:00,971] extensions.py->finalise():182 -- DEBUG -- Chose alternate: glDeleteRenderbuffers from glDeleteRenderbuffers, glDeleteRenderbuffersEXT
[2017-08-16 21:22:01,266] log.py->message():133 -- MESSAGE -- Image "<image.Image object at 0x7f506bbdffd0>" loaded in image viewer.
[2017-08-16 21:22:01,267] log.py->debug():112 -- DEBUG -- hiding task Render
[2017-08-16 21:22:01,268] log.py->debug():112 -- DEBUG -- showing task Viewer
[2017-08-16 21:22:17,130] log.py->debug():112 -- DEBUG -- hiding category Rendering
[2017-08-16 21:22:17,131] log.py->debug():112 -- DEBUG -- showing category Files
[2017-08-16 21:22:17,131] log.py->debug():112 -- DEBUG -- hiding task Viewer
[2017-08-16 21:22:17,132] log.py->debug():112 -- DEBUG -- showing task Load
[2017-08-16 21:22:22,694] log.py->debug():112 -- DEBUG -- hiding task Load
[2017-08-16 21:22:22,695] log.py->debug():112 -- DEBUG -- showing task Export
[2017-08-16 21:22:25,126] log.py->debug():112 -- DEBUG -- hiding category Files
[2017-08-16 21:22:25,127] log.py->debug():112 -- DEBUG -- showing category Modelling
[2017-08-16 21:22:25,127] log.py->debug():112 -- DEBUG -- hiding task Export
[2017-08-16 21:22:25,130] log.py->debug():112 -- DEBUG -- showing task Arms and Legs
[2017-08-16 21:22:27,319] log.py->debug():112 -- DEBUG -- Updating skeleton joint positions
[2017-08-16 21:22:27,414] log.py->debug():112 -- DEBUG -- Done baking animations
[2017-08-16 21:22:27,483] log.py->message():133 -- MESSAGE -- do Change modifier
[2017-08-16 21:22:28,875] log.py->debug():112 -- DEBUG -- Updating skeleton joint positions
[2017-08-16 21:22:28,979] log.py->debug():112 -- DEBUG -- Done baking animations
[2017-08-16 21:22:29,050] log.py->message():133 -- MESSAGE -- do Change modifier
[2017-08-16 21:22:30,888] log.py->debug():112 -- DEBUG -- Updating skeleton joint positions
[2017-08-16 21:22:30,986] log.py->debug():112 -- DEBUG -- Done baking animations
[2017-08-16 21:22:31,059] log.py->message():133 -- MESSAGE -- do Change modifier
[2017-08-16 21:22:35,784] log.py->debug():112 -- DEBUG -- Updating skeleton joint positions
[2017-08-16 21:22:35,909] log.py->debug():112 -- DEBUG -- Done baking animations
[2017-08-16 21:22:35,992] log.py->message():133 -- MESSAGE -- do Change modifier
[2017-08-16 21:22:38,409] log.py->debug():112 -- DEBUG -- Updating skeleton joint positions
[2017-08-16 21:22:38,515] log.py->debug():112 -- DEBUG -- Done baking animations
[2017-08-16 21:22:38,586] log.py->message():133 -- MESSAGE -- do Change modifier
[2017-08-16 21:22:41,719] log.py->debug():112 -- DEBUG -- Updating skeleton joint positions
[2017-08-16 21:22:41,805] log.py->debug():112 -- DEBUG -- Done baking animations
[2017-08-16 21:22:41,875] log.py->message():133 -- MESSAGE -- do Change modifier
[2017-08-16 21:22:44,177] log.py->debug():112 -- DEBUG -- Updating skeleton joint positions
[2017-08-16 21:22:44,275] log.py->debug():112 -- DEBUG -- Done baking animations
[2017-08-16 21:22:44,348] log.py->message():133 -- MESSAGE -- do Change modifier
[2017-08-16 21:22:45,854] log.py->debug():112 -- DEBUG -- Updating skeleton joint positions
[2017-08-16 21:22:45,938] log.py->debug():112 -- DEBUG -- Done baking animations
[2017-08-16 21:22:46,008] log.py->message():133 -- MESSAGE -- do Change modifier
[2017-08-16 21:22:59,762] log.py->debug():112 -- DEBUG -- Updating skeleton joint positions
[2017-08-16 21:22:59,846] log.py->debug():112 -- DEBUG -- Done baking animations
[2017-08-16 21:22:59,922] log.py->message():133 -- MESSAGE -- do Change modifier
[2017-08-16 21:23:03,398] log.py->debug():112 -- DEBUG -- Updating skeleton joint positions
[2017-08-16 21:23:03,502] log.py->debug():112 -- DEBUG -- Done baking animations
[2017-08-16 21:23:03,585] log.py->message():133 -- MESSAGE -- do Change modifier
[2017-08-16 21:23:05,844] log.py->debug():112 -- DEBUG -- Updating skeleton joint positions
[2017-08-16 21:23:05,950] log.py->debug():112 -- DEBUG -- Done baking animations
[2017-08-16 21:23:06,032] log.py->message():133 -- MESSAGE -- do Change modifier
[2017-08-16 21:23:09,102] log.py->debug():112 -- DEBUG -- Updating skeleton joint positions
[2017-08-16 21:23:09,205] log.py->debug():112 -- DEBUG -- Done baking animations
[2017-08-16 21:23:09,277] log.py->message():133 -- MESSAGE -- do Change modifier
[2017-08-16 21:23:13,113] log.py->debug():112 -- DEBUG -- hiding category Modelling
[2017-08-16 21:23:13,114] log.py->debug():112 -- DEBUG -- showing category Rendering
[2017-08-16 21:23:13,114] log.py->debug():112 -- DEBUG -- hiding task Arms and Legs
[2017-08-16 21:23:13,115] log.py->debug():112 -- DEBUG -- showing task Viewer
[2017-08-16 21:23:49,420] log.py->debug():112 -- DEBUG -- hiding task Viewer
[2017-08-16 21:23:49,421] log.py->debug():112 -- DEBUG -- showing task Render
[2017-08-16 21:23:51,267] log.py->message():133 -- MESSAGE -- Rendering at 900x1500
[2017-08-16 21:23:51,572] log.py->message():133 -- MESSAGE -- Image "<image.Image object at 0x7f506bc70490>" loaded in image viewer.
[2017-08-16 21:23:51,572] log.py->debug():112 -- DEBUG -- hiding task Render
[2017-08-16 21:23:51,574] log.py->debug():112 -- DEBUG -- showing task Viewer
[2017-08-16 21:34:21,474] log.py->message():133 -- MESSAGE -- Unloading plugin 9_export_obj
[2017-08-16 21:34:21,474] log.py->message():133 -- MESSAGE -- Unloaded plugin 9_export_obj
[2017-08-16 21:34:21,475] log.py->message():133 -- MESSAGE -- Unloading plugin 5_settings_shortcuts
[2017-08-16 21:34:21,475] log.py->message():133 -- MESSAGE -- Unloaded plugin 5_settings_shortcuts
[2017-08-16 21:34:21,475] log.py->message():133 -- MESSAGE -- Unloading plugin 4_rendering_scene
[2017-08-16 21:34:21,476] log.py->message():133 -- MESSAGE -- Unloaded plugin 4_rendering_scene
[2017-08-16 21:34:21,476] log.py->message():133 -- MESSAGE -- Unloading plugin 5_settings_0_settings
[2017-08-16 21:34:21,476] log.py->message():133 -- MESSAGE -- Unloaded plugin 5_settings_0_settings
[2017-08-16 21:34:21,477] log.py->message():133 -- MESSAGE -- Unloading plugin 3_libraries_clothes_chooser
[2017-08-16 21:34:21,477] log.py->message():133 -- MESSAGE -- Unloaded plugin 3_libraries_clothes_chooser
[2017-08-16 21:34:21,477] log.py->message():133 -- MESSAGE -- Unloading plugin 7_scripting
[2017-08-16 21:34:21,478] log.py->message():133 -- MESSAGE -- Unloaded plugin 7_scripting
[2017-08-16 21:34:21,478] log.py->message():133 -- MESSAGE -- Unloading plugin 5_settings_mouse
[2017-08-16 21:34:21,478] log.py->message():133 -- MESSAGE -- Unloaded plugin 5_settings_mouse
[2017-08-16 21:34:21,478] log.py->message():133 -- MESSAGE -- Unloading plugin 3_libraries_proxy_chooser
[2017-08-16 21:34:21,479] log.py->message():133 -- MESSAGE -- Unloaded plugin 3_libraries_proxy_chooser
[2017-08-16 21:34:21,479] log.py->message():133 -- MESSAGE -- Unloading plugin 2_posing_expression
[2017-08-16 21:34:21,479] log.py->message():133 -- MESSAGE -- Unloaded plugin 2_posing_expression
[2017-08-16 21:34:21,479] log.py->message():133 -- MESSAGE -- Unloading plugin 0_modeling_8_random
[2017-08-16 21:34:21,480] log.py->message():133 -- MESSAGE -- Unloaded plugin 0_modeling_8_random
[2017-08-16 21:34:21,480] log.py->message():133 -- MESSAGE -- Unloading plugin 9_export_collada
[2017-08-16 21:34:21,480] log.py->message():133 -- MESSAGE -- Unloaded plugin 9_export_collada
[2017-08-16 21:34:21,480] log.py->message():133 -- MESSAGE -- Unloading plugin 3_libraries_material_chooser
[2017-08-16 21:34:21,480] log.py->message():133 -- MESSAGE -- Unloaded plugin 3_libraries_material_chooser
[2017-08-16 21:34:21,481] log.py->message():133 -- MESSAGE -- Unloading plugin 7_example
[2017-08-16 21:34:21,481] log.py->message():133 -- MESSAGE -- Unloaded plugin 7_example
[2017-08-16 21:34:21,481] log.py->message():133 -- MESSAGE -- Unloading plugin 0_modeling_0_modifiers
[2017-08-16 21:34:21,481] log.py->message():133 -- MESSAGE -- Unloaded plugin 0_modeling_0_modifiers
[2017-08-16 21:34:21,481] log.py->message():133 -- MESSAGE -- Unloading plugin 9_export_fbx
[2017-08-16 21:34:21,482] log.py->message():133 -- MESSAGE -- Unloaded plugin 9_export_fbx
[2017-08-16 21:34:21,482] log.py->message():133 -- MESSAGE -- Unloading plugin 7_data
[2017-08-16 21:34:21,482] log.py->message():133 -- MESSAGE -- Unloaded plugin 7_data
[2017-08-16 21:34:21,482] log.py->message():133 -- MESSAGE -- Unloading plugin 7_material_editor
[2017-08-16 21:34:21,482] log.py->message():133 -- MESSAGE -- Unloaded plugin 7_material_editor
[2017-08-16 21:34:21,483] log.py->message():133 -- MESSAGE -- Unloading plugin 9_export_stl
[2017-08-16 21:34:21,483] log.py->message():133 -- MESSAGE -- Unloaded plugin 9_export_stl
[2017-08-16 21:34:21,483] log.py->message():133 -- MESSAGE -- Unloading plugin 4_rendering_opengl
[2017-08-16 21:34:21,483] log.py->message():133 -- MESSAGE -- Unloaded plugin 4_rendering_opengl
[2017-08-16 21:34:21,484] log.py->message():133 -- MESSAGE -- Unloading plugin 3_libraries_polygon_hair_chooser
[2017-08-16 21:34:21,484] log.py->message():133 -- MESSAGE -- Unloaded plugin 3_libraries_polygon_hair_chooser
[2017-08-16 21:34:21,484] log.py->message():133 -- MESSAGE -- Unloading plugin 0_modeling_9_custom_targets
[2017-08-16 21:34:21,484] log.py->message():133 -- MESSAGE -- Unloaded plugin 0_modeling_9_custom_targets
[2017-08-16 21:34:21,484] log.py->message():133 -- MESSAGE -- Unloading plugin 7_scene_editor
[2017-08-16 21:34:21,485] log.py->message():133 -- MESSAGE -- Unloaded plugin 7_scene_editor
[2017-08-16 21:34:21,485] log.py->message():133 -- MESSAGE -- Unloading plugin 9_export_light
[2017-08-16 21:34:21,485] log.py->message():133 -- MESSAGE -- Unloaded plugin 9_export_light
[2017-08-16 21:34:21,485] log.py->message():133 -- MESSAGE -- Unloading plugin 3_libraries_eyelashes
[2017-08-16 21:34:21,485] log.py->message():133 -- MESSAGE -- Unloaded plugin 3_libraries_eyelashes
[2017-08-16 21:34:21,486] log.py->message():133 -- MESSAGE -- Unloading plugin 7_logging
[2017-08-16 21:34:21,486] log.py->message():133 -- MESSAGE -- Unloaded plugin 7_logging
[2017-08-16 21:34:21,486] log.py->message():133 -- MESSAGE -- Unloading plugin 3_libraries_animation
[2017-08-16 21:34:21,486] log.py->message():133 -- MESSAGE -- Unloaded plugin 3_libraries_animation
[2017-08-16 21:34:21,486] log.py->message():133 -- MESSAGE -- Unloading plugin 4_rendering_9_viewer
[2017-08-16 21:34:21,487] log.py->message():133 -- MESSAGE -- Unloaded plugin 4_rendering_9_viewer
[2017-08-16 21:34:21,487] log.py->message():133 -- MESSAGE -- Unloading plugin 9_export_bvh
[2017-08-16 21:34:21,487] log.py->message():133 -- MESSAGE -- Unloaded plugin 9_export_bvh
[2017-08-16 21:34:21,487] log.py->message():133 -- MESSAGE -- Unloading plugin 2_foot_posing
[2017-08-16 21:34:21,487] log.py->message():133 -- MESSAGE -- Unloaded plugin 2_foot_posing
[2017-08-16 21:34:21,488] log.py->message():133 -- MESSAGE -- Unloading plugin 6_help
[2017-08-16 21:34:21,488] log.py->message():133 -- MESSAGE -- Unloaded plugin 6_help
[2017-08-16 21:34:21,488] log.py->message():133 -- MESSAGE -- Unloading plugin 3_libraries_skeleton
[2017-08-16 21:34:21,488] log.py->message():133 -- MESSAGE -- Unloaded plugin 3_libraries_skeleton
[2017-08-16 21:34:21,488] log.py->message():133 -- MESSAGE -- Unloading plugin 3_libraries_eye_chooser
[2017-08-16 21:34:21,489] log.py->message():133 -- MESSAGE -- Unloaded plugin 3_libraries_eye_chooser
[2017-08-16 21:34:21,489] log.py->message():133 -- MESSAGE -- Unloading plugin 7_expression_mixer
[2017-08-16 21:34:21,489] log.py->message():133 -- MESSAGE -- Unloaded plugin 7_expression_mixer
[2017-08-16 21:34:21,489] log.py->message():133 -- MESSAGE -- Unloading plugin 3_libraries_tongue
[2017-08-16 21:34:21,489] log.py->message():133 -- MESSAGE -- Unloaded plugin 3_libraries_tongue
[2017-08-16 21:34:21,490] log.py->message():133 -- MESSAGE -- Unloading plugin 3_libraries_teeth
[2017-08-16 21:34:21,490] log.py->message():133 -- MESSAGE -- Unloaded plugin 3_libraries_teeth
[2017-08-16 21:34:21,490] log.py->message():133 -- MESSAGE -- Unloading plugin 7_profile
[2017-08-16 21:34:21,490] log.py->message():133 -- MESSAGE -- Unloaded plugin 7_profile
[2017-08-16 21:34:21,490] log.py->message():133 -- MESSAGE -- Unloading plugin 3_libraries_pose
[2017-08-16 21:34:21,491] log.py->message():133 -- MESSAGE -- Unloaded plugin 3_libraries_pose
[2017-08-16 21:34:21,491] log.py->message():133 -- MESSAGE -- Unloading plugin 7_targets
[2017-08-16 21:34:21,491] log.py->message():133 -- MESSAGE -- Unloaded plugin 7_targets
[2017-08-16 21:34:21,491] log.py->message():133 -- MESSAGE -- Unloading plugin 0_modeling_background
[2017-08-16 21:34:21,492] log.py->message():133 -- MESSAGE -- Unloaded plugin 0_modeling_background
[2017-08-16 21:34:21,492] log.py->message():133 -- MESSAGE -- Unloading plugin 9_export_json
[2017-08-16 21:34:21,492] log.py->message():133 -- MESSAGE -- Unloaded plugin 9_export_json
[2017-08-16 21:34:21,492] log.py->message():133 -- MESSAGE -- Unloading plugin 9_export_uvmap
[2017-08-16 21:34:21,492] log.py->message():133 -- MESSAGE -- Unloaded plugin 9_export_uvmap
[2017-08-16 21:34:21,493] log.py->message():133 -- MESSAGE -- Unloading plugin 0_modeling_a_measurement
[2017-08-16 21:34:21,493] log.py->message():133 -- MESSAGE -- Unloaded plugin 0_modeling_a_measurement
[2017-08-16 21:34:21,493] log.py->message():133 -- MESSAGE -- Unloading plugin 9_export_ogre
[2017-08-16 21:34:21,494] log.py->message():133 -- MESSAGE -- Unloaded plugin 9_export_ogre
[2017-08-16 21:34:21,494] log.py->message():133 -- MESSAGE -- Unloading plugin 3_libraries_eyebrows
[2017-08-16 21:34:21,494] log.py->message():133 -- MESSAGE -- Unloaded plugin 3_libraries_eyebrows
